<?xml version="1.0" encoding="UTF-8"?>
<coverage generated="1512206734280" clover="3.2.0">
  <project timestamp="1512206734280" name="All files">
    <metrics statements="29" coveredstatements="9" conditionals="0" coveredconditionals="0" methods="17" coveredmethods="1" elements="46" coveredelements="10" complexity="0" loc="29" ncloc="29" packages="1" files="6" classes="6">
      <file name="App.js" path="/Users/m057388/Documents/magic-mondays/App.js">
        <metrics statements="1" coveredstatements="1" conditionals="0" coveredconditionals="0" methods="0" coveredmethods="0"/>
        <line num="11" count="1" type="stmt"/>
      </file>
      <file name="ScreenGame.js" path="/Users/m057388/Documents/magic-mondays/ScreenGame.js">
        <metrics statements="6" coveredstatements="1" conditionals="0" coveredconditionals="0" methods="4" coveredmethods="0"/>
        <line num="11" count="0" type="stmt"/>
        <line num="16" count="0" type="stmt"/>
        <line num="17" count="0" type="stmt"/>
        <line num="23" count="0" type="stmt"/>
        <line num="29" count="0" type="stmt"/>
        <line num="39" count="1" type="stmt"/>
      </file>
      <file name="ScreenHome.js" path="/Users/m057388/Documents/magic-mondays/ScreenHome.js">
        <metrics statements="5" coveredstatements="4" conditionals="0" coveredconditionals="0" methods="2" coveredmethods="1"/>
        <line num="14" count="1" type="stmt"/>
        <line num="15" count="1" type="stmt"/>
        <line num="16" count="1" type="stmt"/>
        <line num="19" count="0" type="stmt"/>
        <line num="29" count="1" type="stmt"/>
      </file>
      <file name="ScreenPrize.js" path="/Users/m057388/Documents/magic-mondays/ScreenPrize.js">
        <metrics statements="6" coveredstatements="1" conditionals="0" coveredconditionals="0" methods="4" coveredmethods="0"/>
        <line num="11" count="0" type="stmt"/>
        <line num="16" count="0" type="stmt"/>
        <line num="17" count="0" type="stmt"/>
        <line num="23" count="0" type="stmt"/>
        <line num="29" count="0" type="stmt"/>
        <line num="39" count="1" type="stmt"/>
      </file>
      <file name="ScreenSplash.js" path="/Users/m057388/Documents/magic-mondays/ScreenSplash.js">
        <metrics statements="6" coveredstatements="1" conditionals="0" coveredconditionals="0" methods="4" coveredmethods="0"/>
        <line num="11" count="0" type="stmt"/>
        <line num="16" count="0" type="stmt"/>
        <line num="17" count="0" type="stmt"/>
        <line num="23" count="0" type="stmt"/>
        <line num="29" count="0" type="stmt"/>
        <line num="39" count="1" type="stmt"/>
      </file>
      <file name="ScreenWallet.js" path="/Users/m057388/Documents/magic-mondays/ScreenWallet.js">
        <metrics statements="5" coveredstatements="1" conditionals="0" coveredconditionals="0" methods="3" coveredmethods="0"/>
        <line num="10" count="0" type="stmt"/>
        <line num="15" count="0" type="stmt"/>
        <line num="16" count="0" type="stmt"/>
        <line num="21" count="0" type="stmt"/>
        <line num="29" count="1" type="stmt"/>
      </file>
    </metrics>
  </project>
</coverage>
