{"/Users/m057388/Documents/magic-mondays/App.js": {"path":"/Users/m057388/Documents/magic-mondays/App.js","statementMap":{"0":{"start":{"line":11,"column":12},"end":{"line":17,"column":2}}},"fnMap":{},"branchMap":{},"s":{"0":1},"f":{},"b":{},"_coverageSchema":"332fd63041d2c1bcb487cc26dd0d5f7d97098a6c","hash":"abb4d8e39c8a225ef349e9cf09ede1f894f49fa3"}
,"/Users/m057388/Documents/magic-mondays/ScreenGame.js": {"path":"/Users/m057388/Documents/magic-mondays/ScreenGame.js","statementMap":{"0":{"start":{"line":11,"column":4},"end":{"line":13,"column":5}},"1":{"start":{"line":16,"column":32},"end":{"line":16,"column":53}},"2":{"start":{"line":17,"column":4},"end":{"line":35,"column":6}},"3":{"start":{"line":23,"column":27},"end":{"line":23,"column":57}},"4":{"start":{"line":29,"column":27},"end":{"line":29,"column":78}},"5":{"start":{"line":39,"column":15},"end":{"line":66,"column":2}}},"fnMap":{"0":{"name":"(anonymous_0)","decl":{"start":{"line":10,"column":29},"end":{"line":10,"column":30}},"loc":{"start":{"line":10,"column":49},"end":{"line":14,"column":3}},"line":10},"1":{"name":"(anonymous_1)","decl":{"start":{"line":15,"column":2},"end":{"line":15,"column":3}},"loc":{"start":{"line":15,"column":11},"end":{"line":36,"column":3}},"line":15},"2":{"name":"(anonymous_2)","decl":{"start":{"line":23,"column":21},"end":{"line":23,"column":22}},"loc":{"start":{"line":23,"column":27},"end":{"line":23,"column":57}},"line":23},"3":{"name":"(anonymous_3)","decl":{"start":{"line":29,"column":21},"end":{"line":29,"column":22}},"loc":{"start":{"line":29,"column":27},"end":{"line":29,"column":78}},"line":29}},"branchMap":{},"s":{"0":0,"1":0,"2":0,"3":0,"4":0,"5":1},"f":{"0":0,"1":0,"2":0,"3":0},"b":{},"_coverageSchema":"332fd63041d2c1bcb487cc26dd0d5f7d97098a6c","hash":"3ec5e7b1c0727c026c5ea48c3482474c4cc2050d"}
,"/Users/m057388/Documents/magic-mondays/ScreenHome.js": {"path":"/Users/m057388/Documents/magic-mondays/ScreenHome.js","statementMap":{"0":{"start":{"line":14,"column":25},"end":{"line":14,"column":46}},"1":{"start":{"line":15,"column":4},"end":{"line":15,"column":45}},"2":{"start":{"line":16,"column":4},"end":{"line":25,"column":6}},"3":{"start":{"line":19,"column":25},"end":{"line":19,"column":76}},"4":{"start":{"line":29,"column":15},"end":{"line":48,"column":2}}},"fnMap":{"0":{"name":"(anonymous_0)","decl":{"start":{"line":13,"column":2},"end":{"line":13,"column":3}},"loc":{"start":{"line":13,"column":11},"end":{"line":26,"column":3}},"line":13},"1":{"name":"(anonymous_1)","decl":{"start":{"line":19,"column":19},"end":{"line":19,"column":20}},"loc":{"start":{"line":19,"column":25},"end":{"line":19,"column":76}},"line":19}},"branchMap":{},"s":{"0":1,"1":1,"2":1,"3":0,"4":1},"f":{"0":1,"1":0},"b":{},"_coverageSchema":"332fd63041d2c1bcb487cc26dd0d5f7d97098a6c","hash":"d05d03685e6b15a2305929c5292f0663457e0cb6"}
,"/Users/m057388/Documents/magic-mondays/ScreenPrize.js": {"path":"/Users/m057388/Documents/magic-mondays/ScreenPrize.js","statementMap":{"0":{"start":{"line":11,"column":4},"end":{"line":13,"column":5}},"1":{"start":{"line":16,"column":32},"end":{"line":16,"column":53}},"2":{"start":{"line":17,"column":4},"end":{"line":35,"column":6}},"3":{"start":{"line":23,"column":27},"end":{"line":23,"column":57}},"4":{"start":{"line":29,"column":27},"end":{"line":29,"column":80}},"5":{"start":{"line":39,"column":15},"end":{"line":66,"column":2}}},"fnMap":{"0":{"name":"(anonymous_0)","decl":{"start":{"line":10,"column":29},"end":{"line":10,"column":30}},"loc":{"start":{"line":10,"column":49},"end":{"line":14,"column":3}},"line":10},"1":{"name":"(anonymous_1)","decl":{"start":{"line":15,"column":2},"end":{"line":15,"column":3}},"loc":{"start":{"line":15,"column":11},"end":{"line":36,"column":3}},"line":15},"2":{"name":"(anonymous_2)","decl":{"start":{"line":23,"column":21},"end":{"line":23,"column":22}},"loc":{"start":{"line":23,"column":27},"end":{"line":23,"column":57}},"line":23},"3":{"name":"(anonymous_3)","decl":{"start":{"line":29,"column":21},"end":{"line":29,"column":22}},"loc":{"start":{"line":29,"column":27},"end":{"line":29,"column":80}},"line":29}},"branchMap":{},"s":{"0":0,"1":0,"2":0,"3":0,"4":0,"5":1},"f":{"0":0,"1":0,"2":0,"3":0},"b":{},"_coverageSchema":"332fd63041d2c1bcb487cc26dd0d5f7d97098a6c","hash":"fefb409a7f3f4f8a91bc946cc23a387e99b09a70"}
,"/Users/m057388/Documents/magic-mondays/ScreenSplash.js": {"path":"/Users/m057388/Documents/magic-mondays/ScreenSplash.js","statementMap":{"0":{"start":{"line":11,"column":4},"end":{"line":13,"column":5}},"1":{"start":{"line":16,"column":32},"end":{"line":16,"column":53}},"2":{"start":{"line":17,"column":4},"end":{"line":35,"column":6}},"3":{"start":{"line":23,"column":27},"end":{"line":23,"column":57}},"4":{"start":{"line":29,"column":27},"end":{"line":29,"column":76}},"5":{"start":{"line":39,"column":15},"end":{"line":66,"column":2}}},"fnMap":{"0":{"name":"(anonymous_0)","decl":{"start":{"line":10,"column":29},"end":{"line":10,"column":30}},"loc":{"start":{"line":10,"column":49},"end":{"line":14,"column":3}},"line":10},"1":{"name":"(anonymous_1)","decl":{"start":{"line":15,"column":2},"end":{"line":15,"column":3}},"loc":{"start":{"line":15,"column":11},"end":{"line":36,"column":3}},"line":15},"2":{"name":"(anonymous_2)","decl":{"start":{"line":23,"column":21},"end":{"line":23,"column":22}},"loc":{"start":{"line":23,"column":27},"end":{"line":23,"column":57}},"line":23},"3":{"name":"(anonymous_3)","decl":{"start":{"line":29,"column":21},"end":{"line":29,"column":22}},"loc":{"start":{"line":29,"column":27},"end":{"line":29,"column":76}},"line":29}},"branchMap":{},"s":{"0":0,"1":0,"2":0,"3":0,"4":0,"5":1},"f":{"0":0,"1":0,"2":0,"3":0},"b":{},"_coverageSchema":"332fd63041d2c1bcb487cc26dd0d5f7d97098a6c","hash":"b84dd4f79f174b64daed9f9418894ff7043761c1"}
,"/Users/m057388/Documents/magic-mondays/ScreenWallet.js": {"path":"/Users/m057388/Documents/magic-mondays/ScreenWallet.js","statementMap":{"0":{"start":{"line":10,"column":50},"end":{"line":12,"column":3}},"1":{"start":{"line":15,"column":23},"end":{"line":15,"column":50}},"2":{"start":{"line":16,"column":4},"end":{"line":25,"column":6}},"3":{"start":{"line":21,"column":25},"end":{"line":21,"column":55}},"4":{"start":{"line":29,"column":15},"end":{"line":53,"column":2}}},"fnMap":{"0":{"name":"(anonymous_0)","decl":{"start":{"line":10,"column":29},"end":{"line":10,"column":30}},"loc":{"start":{"line":10,"column":50},"end":{"line":12,"column":3}},"line":10},"1":{"name":"(anonymous_1)","decl":{"start":{"line":14,"column":2},"end":{"line":14,"column":3}},"loc":{"start":{"line":14,"column":11},"end":{"line":26,"column":3}},"line":14},"2":{"name":"(anonymous_2)","decl":{"start":{"line":21,"column":19},"end":{"line":21,"column":20}},"loc":{"start":{"line":21,"column":25},"end":{"line":21,"column":55}},"line":21}},"branchMap":{},"s":{"0":0,"1":0,"2":0,"3":0,"4":1},"f":{"0":0,"1":0,"2":0},"b":{},"_coverageSchema":"332fd63041d2c1bcb487cc26dd0d5f7d97098a6c","hash":"c52d666acf4f95ddaadd00e432162096f6230d62"}
}
