TN:
SF:/Users/m057388/Documents/magic-mondays/App.js
FNF:0
FNH:0
DA:11,1
LF:1
LH:1
BRF:0
BRH:0
end_of_record
TN:
SF:/Users/m057388/Documents/magic-mondays/ScreenGame.js
FN:10,(anonymous_0)
FN:15,(anonymous_1)
FN:23,(anonymous_2)
FN:29,(anonymous_3)
FNF:4
FNH:0
FNDA:0,(anonymous_0)
FNDA:0,(anonymous_1)
FNDA:0,(anonymous_2)
FNDA:0,(anonymous_3)
DA:11,0
DA:16,0
DA:17,0
DA:23,0
DA:29,0
DA:39,1
LF:6
LH:1
BRF:0
BRH:0
end_of_record
TN:
SF:/Users/m057388/Documents/magic-mondays/ScreenHome.js
FN:13,(anonymous_0)
FN:19,(anonymous_1)
FNF:2
FNH:1
FNDA:1,(anonymous_0)
FNDA:0,(anonymous_1)
DA:14,1
DA:15,1
DA:16,1
DA:19,0
DA:29,1
LF:5
LH:4
BRF:0
BRH:0
end_of_record
TN:
SF:/Users/m057388/Documents/magic-mondays/ScreenPrize.js
FN:10,(anonymous_0)
FN:15,(anonymous_1)
FN:23,(anonymous_2)
FN:29,(anonymous_3)
FNF:4
FNH:0
FNDA:0,(anonymous_0)
FNDA:0,(anonymous_1)
FNDA:0,(anonymous_2)
FNDA:0,(anonymous_3)
DA:11,0
DA:16,0
DA:17,0
DA:23,0
DA:29,0
DA:39,1
LF:6
LH:1
BRF:0
BRH:0
end_of_record
TN:
SF:/Users/m057388/Documents/magic-mondays/ScreenSplash.js
FN:10,(anonymous_0)
FN:15,(anonymous_1)
FN:23,(anonymous_2)
FN:29,(anonymous_3)
FNF:4
FNH:0
FNDA:0,(anonymous_0)
FNDA:0,(anonymous_1)
FNDA:0,(anonymous_2)
FNDA:0,(anonymous_3)
DA:11,0
DA:16,0
DA:17,0
DA:23,0
DA:29,0
DA:39,1
LF:6
LH:1
BRF:0
BRH:0
end_of_record
TN:
SF:/Users/m057388/Documents/magic-mondays/ScreenWallet.js
FN:10,(anonymous_0)
FN:14,(anonymous_1)
FN:21,(anonymous_2)
FNF:3
FNH:0
FNDA:0,(anonymous_0)
FNDA:0,(anonymous_1)
FNDA:0,(anonymous_2)
DA:10,0
DA:15,0
DA:16,0
DA:21,0
DA:29,1
LF:5
LH:1
BRF:0
BRH:0
end_of_record
